<?xml version="1.0" encoding="UTF-8"?>
<!-- Generated by org.testng.reporters.JUnitReportReporter -->
<testsuite hostname="DESKTOP-RKKU7KR" failures="0" tests="1" name="com.Test.TestLogin" time="9.494" errors="0" timestamp="2024-08-30T16:33:18 IST" skipped="0">
  <testcase classname="com.Test.TestLogin" name="login_test" time="9.494"/>
  <system-out/>
</testsuite> <!-- com.Test.TestLogin -->
